<?xml version="1.0" encoding="UTF-8"?>
<testsuite name="com.example.demo.Demo1ApplicationTests" tests="0" skipped="0" failures="0" errors="0" timestamp="1970-01-01T00:00:00" hostname="MyComputer" time="0.0">
  <properties/>
  <system-out><![CDATA[15:17:30.641 [Test worker] DEBUG org.springframework.test.context.junit4.SpringJUnit4ClassRunner - SpringJUnit4ClassRunner constructor called with [class com.example.demo.Demo1ApplicationTests]
15:17:30.675 [Test worker] DEBUG org.springframework.test.context.BootstrapUtils - Instantiating CacheAwareContextLoaderDelegate from class [org.springframework.test.context.cache.DefaultCacheAwareContextLoaderDelegate]
15:17:30.729 [Test worker] DEBUG org.springframework.test.context.BootstrapUtils - Instantiating BootstrapContext using constructor [public org.springframework.test.context.support.DefaultBootstrapContext(java.lang.Class,org.springframework.test.context.CacheAwareContextLoaderDelegate)]
15:17:30.811 [Test worker] DEBUG org.springframework.test.context.BootstrapUtils - Instantiating TestContextBootstrapper for test class [com.example.demo.Demo1ApplicationTests] from class [org.springframework.boot.test.context.SpringBootTestContextBootstrapper]
15:17:30.886 [Test worker] INFO org.springframework.boot.test.context.SpringBootTestContextBootstrapper - Neither @ContextConfiguration nor @ContextHierarchy found for test class [com.example.demo.Demo1ApplicationTests], using SpringBootContextLoader
15:17:30.906 [Test worker] DEBUG org.springframework.test.context.support.AbstractContextLoader - Did not detect default resource location for test class [com.example.demo.Demo1ApplicationTests]: class path resource [com/example/demo/Demo1ApplicationTests-context.xml] does not exist
15:17:30.908 [Test worker] DEBUG org.springframework.test.context.support.AbstractContextLoader - Did not detect default resource location for test class [com.example.demo.Demo1ApplicationTests]: class path resource [com/example/demo/Demo1ApplicationTestsContext.groovy] does not exist
15:17:30.910 [Test worker] INFO org.springframework.test.context.support.AbstractContextLoader - Could not detect default resource locations for test class [com.example.demo.Demo1ApplicationTests]: no resource found for suffixes {-context.xml, Context.groovy}.
15:17:30.915 [Test worker] INFO org.springframework.test.context.support.AnnotationConfigContextLoaderUtils - Could not detect default configuration classes for test class [com.example.demo.Demo1ApplicationTests]: Demo1ApplicationTests does not declare any static, non-private, non-final, nested classes annotated with @Configuration.
15:17:31.213 [Test worker] DEBUG org.springframework.test.context.support.ActiveProfilesUtils - Could not find an 'annotation declaring class' for annotation type [org.springframework.test.context.ActiveProfiles] and class [com.example.demo.Demo1ApplicationTests]
15:17:31.264 [Test worker] DEBUG org.springframework.core.env.StandardEnvironment - Adding PropertySource 'systemProperties' with lowest search precedence
15:17:31.265 [Test worker] DEBUG org.springframework.core.env.StandardEnvironment - Adding PropertySource 'systemEnvironment' with lowest search precedence
15:17:31.267 [Test worker] DEBUG org.springframework.core.env.StandardEnvironment - Initialized StandardEnvironment with PropertySources [MapPropertySource@1858186277 {name='systemProperties', properties={java.runtime.name=Java(TM) SE Runtime Environment, sun.boot.library.path=C:\pleiades\eclipse\jre\jre\bin, java.vm.version=25.74-b02, java.vm.vendor=Oracle Corporation, java.vendor.url=http://java.oracle.com/, path.separator=;, java.vm.name=Java HotSpot(TM) 64-Bit Server VM, file.encoding.pkg=sun.io, user.script=, sun.java.launcher=SUN_STANDARD, user.country=JP, sun.os.patch.level=, java.vm.specification.name=Java Virtual Machine Specification, user.dir=C:\Users\internousdev\Desktop\workspace\workspace-y.takahash\backup\demo-1, java.runtime.version=1.8.0_74-b02, java.awt.graphicsenv=sun.awt.Win32GraphicsEnvironment, java.endorsed.dirs=C:\pleiades\eclipse\jre\jre\lib\endorsed, os.arch=amd64, java.io.tmpdir=C:\Users\INTERN~2\AppData\Local\Temp\, line.separator=
, java.vm.specification.vendor=Oracle Corporation, user.variant=, os.name=Windows 10, sun.jnu.encoding=MS932, java.library.path=C:\pleiades\eclipse\jre\bin;C:\WINDOWS\Sun\Java\bin;C:\WINDOWS\system32;C:\WINDOWS;C:/pleiades/eclipse/jre/bin/../jre/bin/server;C:/pleiades/eclipse/jre/bin/../jre/bin;C:/pleiades/eclipse/jre/bin/../jre/lib/amd64;C:\ProgramData\Oracle\Java\javapath;C:\Program Files (x86)\Intel\TXE Components\iCLS\;C:\Program Files\Intel\TXE Components\iCLS\;C:\WINDOWS\system32;C:\WINDOWS;C:\WINDOWS\System32\Wbem;C:\WINDOWS\System32\WindowsPowerShell\v1.0\;C:\Program Files\Intel\TXE Components\DAL\;C:\Program Files (x86)\Intel\TXE Components\DAL\;C:\Program Files\Intel\TXE Components\IPT\;C:\Program Files (x86)\Intel\TXE Components\IPT\;C:\Program Files (x86)\Brackets\command;C:\Program Files (x86)\Git\cmd;C:\Users\internousdev\AppData\Local\Microsoft\WindowsApps;C:\xampp\mysql\bin;C:\Program Files\Java\jdk1.8.0_152\bin;;C:\pleiades\eclipse;;., java.specification.name=Java Platform API Specification, java.class.version=52.0, sun.management.compiler=HotSpot 64-Bit Tiered Compilers, os.version=10.0, user.home=C:\Users\internousdev, user.timezone=Asia/Tokyo, java.awt.printerjob=sun.awt.windows.WPrinterJob, file.encoding=windows-31j, java.specification.version=1.8, java.class.path=C:\Users\internousdev\Desktop\workspace\workspace-y.takahash\backup\demo-1\build\classes\test;C:\Users\internousdev\Desktop\workspace\workspace-y.takahash\backup\demo-1\build\resources\test;C:\Users\internousdev\Desktop\workspace\workspace-y.takahash\backup\demo-1\build\classes\main;C:\Users\internousdev\Desktop\workspace\workspace-y.takahash\backup\demo-1\build\resources\main;C:\Users\internousdev\.gradle\caches\modules-2\files-2.1\org.springframework.boot\spring-boot-starter-thymeleaf\1.5.9.RELEASE\f1a07e590d7742b7c57367ba23a3c0eecb491d48\spring-boot-starter-thymeleaf-1.5.9.RELEASE.jar;C:\Users\internousdev\.gradle\caches\modules-2\files-2.1\org.springframework.boot\spring-boot-starter-web\1.5.9.RELEASE\bda9733d5e6ba6d1a97deead1738713dc0631b3e\spring-boot-starter-web-1.5.9.RELEASE.jar;C:\Users\internousdev\.gradle\caches\modules-2\files-2.1\org.springframework.boot\spring-boot-devtools\1.5.9.RELEASE\8908280f33c65ffa21789020e7a37d46a798d445\spring-boot-devtools-1.5.9.RELEASE.jar;C:\Users\internousdev\.gradle\caches\modules-2\files-2.1\org.springframework.boot\spring-boot-starter-test\1.5.9.RELEASE\b5adf6fbf53be00b7ae52f657d564122edbe5156\spring-boot-starter-test-1.5.9.RELEASE.jar;C:\Users\internousdev\.gradle\caches\modules-2\files-2.1\org.springframework.boot\spring-boot-starter\1.5.9.RELEASE\6bfb34db2715ee86c6e2337fa145650588b4b1b3\spring-boot-starter-1.5.9.RELEASE.jar;C:\Users\internousdev\.gradle\caches\modules-2\files-2.1\org.thymeleaf\thymeleaf-spring4\2.1.6.RELEASE\a18784dab5e9337a53ce3213b205f927217849f2\thymeleaf-spring4-2.1.6.RELEASE.jar;C:\Users\internousdev\.gradle\caches\modules-2\files-2.1\nz.net.ultraq.thymeleaf\thymeleaf-layout-dialect\1.4.0\8d7810c069ed1534b9631fb1e85c35973546086\thymeleaf-layout-dialect-1.4.0.jar;C:\Users\internousdev\.gradle\caches\modules-2\files-2.1\org.springframework.boot\spring-boot-starter-tomcat\1.5.9.RELEASE\4615056f8a2bcad03ba8cdf410419ee3d101c5bb\spring-boot-starter-tomcat-1.5.9.RELEASE.jar;C:\Users\internousdev\.gradle\caches\modules-2\files-2.1\org.hibernate\hibernate-validator\5.3.6.Final\4c730be8bf55a8e9a61e79a2f2c079abf48b718\hibernate-validator-5.3.6.Final.jar;C:\Users\internousdev\.gradle\caches\modules-2\files-2.1\com.fasterxml.jackson.core\jackson-databind\2.8.10\f7b83cb2bc4b88d53961e749e1ad32f49ef017b7\jackson-databind-2.8.10.jar;C:\Users\internousdev\.gradle\caches\modules-2\files-2.1\org.springframework\spring-web\4.3.13.RELEASE\7cd084992d546165ede3e99bc31ee49c937f0ce7\spring-web-4.3.13.RELEASE.jar;C:\Users\internousdev\.gradle\caches\modules-2\files-2.1\org.springframework\spring-webmvc\4.3.13.RELEASE\87a095c7a1d13fe433ae6712787238c1dbaa6919\spring-webmvc-4.3.13.RELEASE.jar;C:\Users\internousdev\.gradle\caches\modules-2\files-2.1\org.springframework.boot\spring-boot\1.5.9.RELEASE\f472cdf948288796fb31e0bb03f6e7b022b763a0\spring-boot-1.5.9.RELEASE.jar;C:\Users\internousdev\.gradle\caches\modules-2\files-2.1\org.springframework.boot\spring-boot-autoconfigure\1.5.9.RELEASE\88dd18bdaf317ae40971573a051fd47265f2ed39\spring-boot-autoconfigure-1.5.9.RELEASE.jar;C:\Users\internousdev\.gradle\caches\modules-2\files-2.1\org.springframework.boot\spring-boot-test\1.5.9.RELEASE\7e604d56325f04a8b89a280e647746fc69e5a21f\spring-boot-test-1.5.9.RELEASE.jar;C:\Users\internousdev\.gradle\caches\modules-2\files-2.1\org.springframework.boot\spring-boot-test-autoconfigure\1.5.9.RELEASE\b428495e25b0531b2a977f51c5d29011c817b8ee\spring-boot-test-autoconfigure-1.5.9.RELEASE.jar;C:\Users\internousdev\.gradle\caches\modules-2\files-2.1\com.jayway.jsonpath\json-path\2.2.0\22290d17944bd239fabf5ac69005a60a7ecbbbcb\json-path-2.2.0.jar;C:\Users\internousdev\.gradle\caches\modules-2\files-2.1\junit\junit\4.12\2973d150c0dc1fefe998f834810d68f278ea58ec\junit-4.12.jar;C:\Users\internousdev\.gradle\caches\modules-2\files-2.1\org.assertj\assertj-core\2.6.0\b532c3fc4f66bcfee4989a3514f1cd56203a33ad\assertj-core-2.6.0.jar;C:\Users\internousdev\.gradle\caches\modules-2\files-2.1\org.mockito\mockito-core\1.10.19\e8546f5bef4e061d8dd73895b4e8f40e3fe6effe\mockito-core-1.10.19.jar;C:\Users\internousdev\.gradle\caches\modules-2\files-2.1\org.hamcrest\hamcrest-core\1.3\42a25dc3219429f0e5d060061f71acb49bf010a0\hamcrest-core-1.3.jar;C:\Users\internousdev\.gradle\caches\modules-2\files-2.1\org.hamcrest\hamcrest-library\1.3\4785a3c21320980282f9f33d0d1264a69040538f\hamcrest-library-1.3.jar;C:\Users\internousdev\.gradle\caches\modules-2\files-2.1\org.skyscreamer\jsonassert\1.4.0\9cdbb373a06f6513e51e8c545ee6a5e981463edb\jsonassert-1.4.0.jar;C:\Users\internousdev\.gradle\caches\modules-2\files-2.1\org.springframework\spring-core\4.3.13.RELEASE\eea18d7f4d01f1baa1b6728b678b5a6fe23c61f6\spring-core-4.3.13.RELEASE.jar;C:\Users\internousdev\.gradle\caches\modules-2\files-2.1\org.springframework\spring-test\4.3.13.RELEASE\f4ff71b0d628d37f334d4f1f197c1b8cea364d01\spring-test-4.3.13.RELEASE.jar;C:\Users\internousdev\.gradle\caches\modules-2\files-2.1\org.springframework.boot\spring-boot-starter-logging\1.5.9.RELEASE\30fd62a1ce9639759d90d49608501082314c1628\spring-boot-starter-logging-1.5.9.RELEASE.jar;C:\Users\internousdev\.gradle\caches\modules-2\files-2.1\org.yaml\snakeyaml\1.17\7a27ea250c5130b2922b86dea63cbb1cc10a660c\snakeyaml-1.17.jar;C:\Users\internousdev\.gradle\caches\modules-2\files-2.1\org.thymeleaf\thymeleaf\2.1.6.RELEASE\c362b4ecbeddc86a0cb7e767a88ce27e9c8147e6\thymeleaf-2.1.6.RELEASE.jar;C:\Users\internousdev\.gradle\caches\modules-2\files-2.1\org.slf4j\slf4j-api\1.7.25\da76ca59f6a57ee3102f8f9bd9cee742973efa8a\slf4j-api-1.7.25.jar;C:\Users\internousdev\.gradle\caches\modules-2\files-2.1\org.codehaus.groovy\groovy\2.4.13\de7b73bed517fa1323aab391b719b59c3702391a\groovy-2.4.13.jar;C:\Users\internousdev\.gradle\caches\modules-2\files-2.1\org.apache.tomcat.embed\tomcat-embed-core\8.5.23\79261793a47f507890ee08f749b9d81774e4f7f0\tomcat-embed-core-8.5.23.jar;C:\Users\internousdev\.gradle\caches\modules-2\files-2.1\org.apache.tomcat.embed\tomcat-embed-el\8.5.23\98d979cde444dffa6d434c8377d0123b2dfa614c\tomcat-embed-el-8.5.23.jar;C:\Users\internousdev\.gradle\caches\modules-2\files-2.1\org.apache.tomcat.embed\tomcat-embed-websocket\8.5.23\52f07abcae10dc7e1764304b0877def175c2c833\tomcat-embed-websocket-8.5.23.jar;C:\Users\internousdev\.gradle\caches\modules-2\files-2.1\javax.validation\validation-api\1.1.0.Final\8613ae82954779d518631e05daa73a6a954817d5\validation-api-1.1.0.Final.jar;C:\Users\internousdev\.gradle\caches\modules-2\files-2.1\org.jboss.logging\jboss-logging\3.3.1.Final\c46217ab74b532568c0ed31dc599db3048bd1b67\jboss-logging-3.3.1.Final.jar;C:\Users\internousdev\.gradle\caches\modules-2\files-2.1\com.fasterxml\classmate\1.3.4\3d5f48f10bbe4eb7bd862f10c0583be2e0053c6\classmate-1.3.4.jar;C:\Users\internousdev\.gradle\caches\modules-2\files-2.1\com.fasterxml.jackson.core\jackson-annotations\2.8.0\45b426f7796b741035581a176744d91090e2e6fb\jackson-annotations-2.8.0.jar;C:\Users\internousdev\.gradle\caches\modules-2\files-2.1\com.fasterxml.jackson.core\jackson-core\2.8.10\eb21a035c66ad307e66ec8fce37f5d50fd62d039\jackson-core-2.8.10.jar;C:\Users\internousdev\.gradle\caches\modules-2\files-2.1\org.springframework\spring-aop\4.3.13.RELEASE\61f427b55951f59b50f3c2bd0de3c48960e2a342\spring-aop-4.3.13.RELEASE.jar;C:\Users\internousdev\.gradle\caches\modules-2\files-2.1\org.springframework\spring-beans\4.3.13.RELEASE\8613a7077722f1d97f8cb3fea4b0b40bfadf4496\spring-beans-4.3.13.RELEASE.jar;C:\Users\internousdev\.gradle\caches\modules-2\files-2.1\org.springframework\spring-context\4.3.13.RELEASE\6ab1c189a13182fa3256f6bbc68fafdaf8f5a19e\spring-context-4.3.13.RELEASE.jar;C:\Users\internousdev\.gradle\caches\modules-2\files-2.1\org.springframework\spring-expression\4.3.13.RELEASE\da22bf7df1262e429b49653be6cd5b89b6affe5e\spring-expression-4.3.13.RELEASE.jar;C:\Users\internousdev\.gradle\caches\modules-2\files-2.1\net.minidev\json-smart\2.2.1\5b9e5df7a62d1279b70dc882b041d249c4f0b002\json-smart-2.2.1.jar;C:\Users\internousdev\.gradle\caches\modules-2\files-2.1\org.objenesis\objenesis\2.1\87c0ea803b69252868d09308b4618f766f135a96\objenesis-2.1.jar;C:\Users\internousdev\.gradle\caches\modules-2\files-2.1\com.vaadin.external.google\android-json\0.0.20131108.vaadin1\fa26d351fe62a6a17f5cda1287c1c6110dec413f\android-json-0.0.20131108.vaadin1.jar;C:\Users\internousdev\.gradle\caches\modules-2\files-2.1\ch.qos.logback\logback-classic\1.1.11\ccedfbacef4a6515d2983e3f89ed753d5d4fb665\logback-classic-1.1.11.jar;C:\Users\internousdev\.gradle\caches\modules-2\files-2.1\org.slf4j\jcl-over-slf4j\1.7.25\f8c32b13ff142a513eeb5b6330b1588dcb2c0461\jcl-over-slf4j-1.7.25.jar;C:\Users\internousdev\.gradle\caches\modules-2\files-2.1\org.slf4j\jul-to-slf4j\1.7.25\af5364cd6679bfffb114f0dec8a157aaa283b76\jul-to-slf4j-1.7.25.jar;C:\Users\internousdev\.gradle\caches\modules-2\files-2.1\org.slf4j\log4j-over-slf4j\1.7.25\a87bb47468f47ee7aabbd54f93e133d4215769c3\log4j-over-slf4j-1.7.25.jar;C:\Users\internousdev\.gradle\caches\modules-2\files-2.1\ognl\ognl\3.0.8\37e1aebfde7eb7baebc9ad4f85116ef9009c5fc5\ognl-3.0.8.jar;C:\Users\internousdev\.gradle\caches\modules-2\files-2.1\org.javassist\javassist\3.21.0-GA\598244f595db5c5fb713731eddbb1c91a58d959b\javassist-3.21.0-GA.jar;C:\Users\internousdev\.gradle\caches\modules-2\files-2.1\org.unbescape\unbescape\1.1.0.RELEASE\ab0db4fe0a6fa89fb8da2a40008a4e63a7f3f5b9\unbescape-1.1.0.RELEASE.jar;C:\Users\internousdev\.gradle\caches\modules-2\files-2.1\org.apache.tomcat\tomcat-annotations-api\8.5.23\aaf17df9fe0240e9e9d5375d24d5f177174b73d9\tomcat-annotations-api-8.5.23.jar;C:\Users\internousdev\.gradle\caches\modules-2\files-2.1\net.minidev\accessors-smart\1.1\a527213f2fea112a04c9bdf0ec0264e34104cd08\accessors-smart-1.1.jar;C:\Users\internousdev\.gradle\caches\modules-2\files-2.1\ch.qos.logback\logback-core\1.1.11\88b8df40340eed549fb07e2613879bf6b006704d\logback-core-1.1.11.jar;C:\Users\internousdev\.gradle\caches\modules-2\files-2.1\org.ow2.asm\asm\5.0.3\dcc2193db20e19e1feca8b1240dbbc4e190824fa\asm-5.0.3.jar, user.name=internousdev, java.vm.specification.version=1.8, sun.java.command=worker.org.gradle.process.internal.worker.GradleWorkerMain 'Gradle Test Executor 1', java.home=C:\pleiades\eclipse\jre\jre, sun.arch.data.model=64, user.language=ja, java.specification.vendor=Oracle Corporation, awt.toolkit=sun.awt.windows.WToolkit, java.vm.info=mixed mode, java.version=1.8.0_74, java.ext.dirs=C:\pleiades\eclipse\jre\jre\lib\ext;C:\WINDOWS\Sun\Java\lib\ext, sun.boot.class.path=C:\pleiades\eclipse\jre\jre\lib\resources.jar;C:\pleiades\eclipse\jre\jre\lib\rt.jar;C:\pleiades\eclipse\jre\jre\lib\sunrsasign.jar;C:\pleiades\eclipse\jre\jre\lib\jsse.jar;C:\pleiades\eclipse\jre\jre\lib\jce.jar;C:\pleiades\eclipse\jre\jre\lib\charsets.jar;C:\pleiades\eclipse\jre\jre\lib\jfr.jar;C:\pleiades\eclipse\jre\jre\classes, java.vendor=Oracle Corporation, org.gradle.test.worker=1, file.separator=\, java.vendor.url.bug=http://bugreport.sun.com/bugreport/, sun.io.unicode.encoding=UnicodeLittle, sun.cpu.endian=little, sun.desktop=windows, sun.cpu.isalist=amd64}}, SystemEnvironmentPropertySource@2012684659 {name='systemEnvironment', properties={USERDOMAIN_ROAMINGPROFILE=MYCOMPUTER, LOCALAPPDATA=C:\Users\internousdev\AppData\Local, PROCESSOR_LEVEL=6, USERDOMAIN=MYCOMPUTER, FPS_BROWSER_APP_PROFILE_STRING=Internet Explorer, LOGONSERVER=\\MYCOMPUTER, SESSIONNAME=Console, ALLUSERSPROFILE=C:\ProgramData, PROCESSOR_ARCHITECTURE=AMD64, PSModulePath=C:\Program Files\WindowsPowerShell\Modules;C:\WINDOWS\system32\WindowsPowerShell\v1.0\Modules, SystemDrive=C:, OneDrive=C:\Users\internousdev\OneDrive, APPDATA=C:\Users\internousdev\AppData\Roaming, USERNAME=internousdev, ProgramFiles(x86)=C:\Program Files (x86), CommonProgramFiles=C:\Program Files\Common Files, Path=C:/pleiades/eclipse/jre/bin/../jre/bin/server;C:/pleiades/eclipse/jre/bin/../jre/bin;C:/pleiades/eclipse/jre/bin/../jre/lib/amd64;C:\ProgramData\Oracle\Java\javapath;C:\Program Files (x86)\Intel\TXE Components\iCLS\;C:\Program Files\Intel\TXE Components\iCLS\;C:\WINDOWS\system32;C:\WINDOWS;C:\WINDOWS\System32\Wbem;C:\WINDOWS\System32\WindowsPowerShell\v1.0\;C:\Program Files\Intel\TXE Components\DAL\;C:\Program Files (x86)\Intel\TXE Components\DAL\;C:\Program Files\Intel\TXE Components\IPT\;C:\Program Files (x86)\Intel\TXE Components\IPT\;C:\Program Files (x86)\Brackets\command;C:\Program Files (x86)\Git\cmd;C:\Users\internousdev\AppData\Local\Microsoft\WindowsApps;C:\xampp\mysql\bin;C:\Program Files\Java\jdk1.8.0_152\bin;;C:\pleiades\eclipse;, FPS_BROWSER_USER_PROFILE_STRING=Default, PATHEXT=.COM;.EXE;.BAT;.CMD;.VBS;.VBE;.JS;.JSE;.WSF;.WSH;.MSC, OS=Windows_NT, COMPUTERNAME=MYCOMPUTER, PROCESSOR_REVISION=5c09, CommonProgramW6432=C:\Program Files\Common Files, ComSpec=C:\WINDOWS\system32\cmd.exe, ProgramData=C:\ProgramData, ProgramW6432=C:\Program Files, HOMEPATH=\Users\internousdev, SystemRoot=C:\WINDOWS, TEMP=C:\Users\INTERN~2\AppData\Local\Temp, HOMEDRIVE=C:, PROCESSOR_IDENTIFIER=Intel64 Family 6 Model 92 Stepping 9, GenuineIntel, USERPROFILE=C:\Users\internousdev, TMP=C:\Users\INTERN~2\AppData\Local\Temp, CommonProgramFiles(x86)=C:\Program Files (x86)\Common Files, ProgramFiles=C:\Program Files, PUBLIC=C:\Users\Public, NUMBER_OF_PROCESSORS=4, windir=C:\WINDOWS, =::=::\}}]
15:17:31.340 [Test worker] DEBUG org.springframework.core.io.support.PathMatchingResourcePatternResolver - Resolved classpath location [com/example/demo/] to resources [URL [file:/C:/Users/internousdev/Desktop/workspace/workspace-y.takahash/backup/demo-1/build/classes/test/com/example/demo/], URL [file:/C:/Users/internousdev/Desktop/workspace/workspace-y.takahash/backup/demo-1/build/classes/main/com/example/demo/]]
15:17:31.342 [Test worker] DEBUG org.springframework.core.io.support.PathMatchingResourcePatternResolver - Looking for matching resources in directory tree [C:\Users\internousdev\Desktop\workspace\workspace-y.takahash\backup\demo-1\build\classes\test\com\example\demo]
15:17:31.345 [Test worker] DEBUG org.springframework.core.io.support.PathMatchingResourcePatternResolver - Searching directory [C:\Users\internousdev\Desktop\workspace\workspace-y.takahash\backup\demo-1\build\classes\test\com\example\demo] for files matching pattern [C:/Users/internousdev/Desktop/workspace/workspace-y.takahash/backup/demo-1/build/classes/test/com/example/demo/*.class]
15:17:31.361 [Test worker] DEBUG org.springframework.core.io.support.PathMatchingResourcePatternResolver - Looking for matching resources in directory tree [C:\Users\internousdev\Desktop\workspace\workspace-y.takahash\backup\demo-1\build\classes\main\com\example\demo]
15:17:31.362 [Test worker] DEBUG org.springframework.core.io.support.PathMatchingResourcePatternResolver - Searching directory [C:\Users\internousdev\Desktop\workspace\workspace-y.takahash\backup\demo-1\build\classes\main\com\example\demo] for files matching pattern [C:/Users/internousdev/Desktop/workspace/workspace-y.takahash/backup/demo-1/build/classes/main/com/example/demo/*.class]
15:17:31.365 [Test worker] DEBUG org.springframework.core.io.support.PathMatchingResourcePatternResolver - Resolved location pattern [classpath*:com/example/demo/*.class] to resources [file [C:\Users\internousdev\Desktop\workspace\workspace-y.takahash\backup\demo-1\build\classes\test\com\example\demo\Demo1ApplicationTests.class], file [C:\Users\internousdev\Desktop\workspace\workspace-y.takahash\backup\demo-1\build\classes\main\com\example\demo\Demo1Application.class]]
15:17:31.494 [Test worker] DEBUG org.springframework.core.io.support.PathMatchingResourcePatternResolver - Resolved classpath location [com/example/] to resources [URL [file:/C:/Users/internousdev/Desktop/workspace/workspace-y.takahash/backup/demo-1/build/classes/test/com/example/], URL [file:/C:/Users/internousdev/Desktop/workspace/workspace-y.takahash/backup/demo-1/build/classes/main/com/example/]]
15:17:31.495 [Test worker] DEBUG org.springframework.core.io.support.PathMatchingResourcePatternResolver - Looking for matching resources in directory tree [C:\Users\internousdev\Desktop\workspace\workspace-y.takahash\backup\demo-1\build\classes\test\com\example]
15:17:31.497 [Test worker] DEBUG org.springframework.core.io.support.PathMatchingResourcePatternResolver - Searching directory [C:\Users\internousdev\Desktop\workspace\workspace-y.takahash\backup\demo-1\build\classes\test\com\example] for files matching pattern [C:/Users/internousdev/Desktop/workspace/workspace-y.takahash/backup/demo-1/build/classes/test/com/example/*.class]
15:17:31.500 [Test worker] DEBUG org.springframework.core.io.support.PathMatchingResourcePatternResolver - Looking for matching resources in directory tree [C:\Users\internousdev\Desktop\workspace\workspace-y.takahash\backup\demo-1\build\classes\main\com\example]
15:17:31.503 [Test worker] DEBUG org.springframework.core.io.support.PathMatchingResourcePatternResolver - Searching directory [C:\Users\internousdev\Desktop\workspace\workspace-y.takahash\backup\demo-1\build\classes\main\com\example] for files matching pattern [C:/Users/internousdev/Desktop/workspace/workspace-y.takahash/backup/demo-1/build/classes/main/com/example/*.class]
15:17:31.505 [Test worker] DEBUG org.springframework.core.io.support.PathMatchingResourcePatternResolver - Resolved location pattern [classpath*:com/example/*.class] to resources []
15:17:31.511 [Test worker] DEBUG org.springframework.core.io.support.PathMatchingResourcePatternResolver - Resolved classpath location [com/] to resources [URL [file:/C:/Users/internousdev/Desktop/workspace/workspace-y.takahash/backup/demo-1/build/classes/test/com/], URL [file:/C:/Users/internousdev/Desktop/workspace/workspace-y.takahash/backup/demo-1/build/classes/main/com/], URL [jar:file:/C:/Users/internousdev/.gradle/caches/modules-2/files-2.1/com.fasterxml.jackson.core/jackson-databind/2.8.10/f7b83cb2bc4b88d53961e749e1ad32f49ef017b7/jackson-databind-2.8.10.jar!/com/], URL [jar:file:/C:/Users/internousdev/.gradle/caches/modules-2/files-2.1/com.jayway.jsonpath/json-path/2.2.0/22290d17944bd239fabf5ac69005a60a7ecbbbcb/json-path-2.2.0.jar!/com/], URL [jar:file:/C:/Users/internousdev/.gradle/caches/modules-2/files-2.1/com.fasterxml/classmate/1.3.4/3d5f48f10bbe4eb7bd862f10c0583be2e0053c6/classmate-1.3.4.jar!/com/], URL [jar:file:/C:/Users/internousdev/.gradle/caches/modules-2/files-2.1/com.fasterxml.jackson.core/jackson-annotations/2.8.0/45b426f7796b741035581a176744d91090e2e6fb/jackson-annotations-2.8.0.jar!/com/], URL [jar:file:/C:/Users/internousdev/.gradle/caches/modules-2/files-2.1/com.fasterxml.jackson.core/jackson-core/2.8.10/eb21a035c66ad307e66ec8fce37f5d50fd62d039/jackson-core-2.8.10.jar!/com/]]
15:17:31.512 [Test worker] DEBUG org.springframework.core.io.support.PathMatchingResourcePatternResolver - Looking for matching resources in directory tree [C:\Users\internousdev\Desktop\workspace\workspace-y.takahash\backup\demo-1\build\classes\test\com]
15:17:31.514 [Test worker] DEBUG org.springframework.core.io.support.PathMatchingResourcePatternResolver - Searching directory [C:\Users\internousdev\Desktop\workspace\workspace-y.takahash\backup\demo-1\build\classes\test\com] for files matching pattern [C:/Users/internousdev/Desktop/workspace/workspace-y.takahash/backup/demo-1/build/classes/test/com/*.class]
15:17:31.519 [Test worker] DEBUG org.springframework.core.io.support.PathMatchingResourcePatternResolver - Looking for matching resources in directory tree [C:\Users\internousdev\Desktop\workspace\workspace-y.takahash\backup\demo-1\build\classes\main\com]
15:17:31.521 [Test worker] DEBUG org.springframework.core.io.support.PathMatchingResourcePatternResolver - Searching directory [C:\Users\internousdev\Desktop\workspace\workspace-y.takahash\backup\demo-1\build\classes\main\com] for files matching pattern [C:/Users/internousdev/Desktop/workspace/workspace-y.takahash/backup/demo-1/build/classes/main/com/*.class]
15:17:31.526 [Test worker] DEBUG org.springframework.core.io.support.PathMatchingResourcePatternResolver - Looking for matching resources in jar file [file:/C:/Users/internousdev/.gradle/caches/modules-2/files-2.1/com.fasterxml.jackson.core/jackson-databind/2.8.10/f7b83cb2bc4b88d53961e749e1ad32f49ef017b7/jackson-databind-2.8.10.jar]
15:17:31.592 [Test worker] DEBUG org.springframework.core.io.support.PathMatchingResourcePatternResolver - Looking for matching resources in jar file [file:/C:/Users/internousdev/.gradle/caches/modules-2/files-2.1/com.jayway.jsonpath/json-path/2.2.0/22290d17944bd239fabf5ac69005a60a7ecbbbcb/json-path-2.2.0.jar]
15:17:31.615 [Test worker] DEBUG org.springframework.core.io.support.PathMatchingResourcePatternResolver - Looking for matching resources in jar file [file:/C:/Users/internousdev/.gradle/caches/modules-2/files-2.1/com.fasterxml/classmate/1.3.4/3d5f48f10bbe4eb7bd862f10c0583be2e0053c6/classmate-1.3.4.jar]
15:17:31.620 [Test worker] DEBUG org.springframework.core.io.support.PathMatchingResourcePatternResolver - Looking for matching resources in jar file [file:/C:/Users/internousdev/.gradle/caches/modules-2/files-2.1/com.fasterxml.jackson.core/jackson-annotations/2.8.0/45b426f7796b741035581a176744d91090e2e6fb/jackson-annotations-2.8.0.jar]
15:17:31.624 [Test worker] DEBUG org.springframework.core.io.support.PathMatchingResourcePatternResolver - Looking for matching resources in jar file [file:/C:/Users/internousdev/.gradle/caches/modules-2/files-2.1/com.fasterxml.jackson.core/jackson-core/2.8.10/eb21a035c66ad307e66ec8fce37f5d50fd62d039/jackson-core-2.8.10.jar]
15:17:31.630 [Test worker] DEBUG org.springframework.core.io.support.PathMatchingResourcePatternResolver - Resolved location pattern [classpath*:com/*.class] to resources []
]]></system-out>
  <system-err><![CDATA[]]></system-err>
</testsuite>
